<?xml version="1.0" encoding="UTF-8"?>
<!-- Generated by org.testng.reporters.JUnitReportReporter -->
<testsuite hostname="LAPTOP-U0FOLRIJ" failures="0" tests="1" name="test.com.GoogleSearchTest" time="5.069" errors="0" timestamp="26 Jan 2024 10:23:05 GMT">
  <testcase classname="test.com.GoogleSearchTest" name="testCSS" time="5.069"/>
</testsuite> <!-- test.com.GoogleSearchTest -->
